<?xml version="1.0" encoding="UTF-8"?>
<!-- Generated by org.testng.reporters.JUnitReportReporter -->
<testsuite hostname="WS-02636159" failures="0" tests="1" name="demo.TestNGIgnoreDemo" time="0.011" errors="0" timestamp="2023-03-30T13:43:53 MSK" skipped="0">
  <testcase classname="demo.TestNGIgnoreDemo" name="test1" time="0.011"/>
  <system-out/>
</testsuite> <!-- demo.TestNGIgnoreDemo -->
