<?xml version="1.0" encoding="UTF-8"?>
<!-- Generated by org.testng.reporters.JUnitReportReporter -->
<testsuite hostname="WS-02636159" failures="0" tests="3" name="listeners.TestNGListenerDemo" time="0.023" errors="0" timestamp="2023-03-28T00:31:40 MSK" skipped="0">
  <testcase classname="listeners.TestNGListenerDemo" name="test2" time="0.006"/>
  <system-out/>
  <testcase classname="listeners.TestNGListenerDemo" name="test3" time="0.003"/>
  <system-out/>
  <testcase classname="listeners.TestNGListenerDemo" name="test1" time="0.014"/>
  <system-out/>
</testsuite> <!-- listeners.TestNGListenerDemo -->
