<?xml version="1.0" encoding="UTF-8"?>
<!-- Generated by org.testng.reporters.JUnitReportReporter -->
<testsuite hostname="WS-02636159" failures="0" tests="1" name="tests.TestNG_Demo2" time="10.876" errors="0" timestamp="2023-03-10T21:41:54 MSK" skipped="0">
  <testcase classname="tests.TestNG_Demo2" name="googleSearch2" time="10.876"/>
  <system-out/>
</testsuite> <!-- tests.TestNG_Demo2 -->
