<?xml version="1.0" encoding="UTF-8"?>
<!-- Generated by org.testng.reporters.JUnitReportReporter -->
<testsuite hostname="WS-02636159" failures="0" tests="3" name="demo.TestNGMultiBrowserDemo" time="31.579" errors="0" timestamp="2023-03-29T18:32:51 MSK" skipped="0">
  <testcase classname="demo.TestNGMultiBrowserDemo" name="test1" time="8.434"/>
  <system-out/>
  <testcase classname="demo.TestNGMultiBrowserDemo" name="test1" time="7.014"/>
  <system-out/>
  <testcase classname="demo.TestNGMultiBrowserDemo" name="test1" time="16.131"/>
  <system-out/>
</testsuite> <!-- demo.TestNGMultiBrowserDemo -->
