<?xml version="1.0" encoding="UTF-8"?>
<!-- Generated by org.testng.reporters.JUnitReportReporter -->
<testsuite hostname="WS-02636159" failures="0" tests="2" name="tests.ExtentReportsBasicDemo" time="5.932" errors="0" timestamp="2023-03-14T23:31:17 MSK" skipped="0">
  <testcase classname="tests.ExtentReportsBasicDemo" name="googleSearchWithExtRep" time="3.066"/>
  <system-out/>
  <testcase classname="tests.ExtentReportsBasicDemo" name="googleSearchWithExtRepoprt" time="2.866"/>
  <system-out/>
</testsuite> <!-- tests.ExtentReportsBasicDemo -->
