<?xml version="1.0" encoding="UTF-8"?>
<!-- Generated by org.testng.reporters.JUnitReportReporter -->
<testsuite hostname="WS-02636159" failures="0" tests="2" name="utils.ExcelDataProvider" time="26.571" errors="0" timestamp="2023-03-26T18:31:25 MSK" skipped="0">
  <testcase classname="utils.ExcelDataProvider" name="test1" time="9.359"/>
  <system-out/>
  <testcase classname="utils.ExcelDataProvider" name="test1" time="17.212"/>
  <system-out/>
</testsuite> <!-- utils.ExcelDataProvider -->
