<?xml version="1.0" encoding="UTF-8"?>
<!-- Generated by org.testng.reporters.JUnitReportReporter -->
<testsuite hostname="WS-02636159" failures="0" tests="3" name="demo.TestNGDependencyDemo" time="0.022" errors="0" timestamp="2023-03-30T13:40:41 MSK" skipped="0">
  <testcase classname="demo.TestNGDependencyDemo" name="test2" time="0.004"/>
  <system-out/>
  <testcase classname="demo.TestNGDependencyDemo" name="test1" time="0.006"/>
  <system-out/>
  <testcase classname="demo.TestNGDependencyDemo" name="test3" time="0.012"/>
  <system-out/>
</testsuite> <!-- demo.TestNGDependencyDemo -->
