<?xml version="1.0" encoding="UTF-8"?>
<!-- Generated by org.testng.reporters.JUnitReportReporter -->
<testsuite hostname="WS-02636159" failures="0" tests="9" name="tests.TestNG_Demo" time="136.455" errors="0" timestamp="2023-03-29T18:00:24 MSK" skipped="0">
  <testcase classname="tests.TestNG_Demo" name="googleSearch" time="9.767"/>
  <system-out/>
  <testcase classname="tests.TestNG_Demo" name="openYoutube" time="19.450"/>
  <system-out/>
  <testcase classname="tests.TestNG_Demo" name="googleSearch" time="25.384"/>
  <system-out/>
  <testcase classname="tests.TestNG_Demo" name="openYoutube" time="24.550"/>
  <system-out/>
  <testcase classname="tests.TestNG_Demo" name="openEbay" time="5.623"/>
  <system-out/>
  <testcase classname="tests.TestNG_Demo" name="openEbay" time="6.288"/>
  <system-out/>
  <testcase classname="tests.TestNG_Demo" name="openYoutube" time="24.719"/>
  <system-out/>
  <testcase classname="tests.TestNG_Demo" name="openEbay" time="6.054"/>
  <system-out/>
  <testcase classname="tests.TestNG_Demo" name="googleSearch" time="14.620"/>
  <system-out/>
</testsuite> <!-- tests.TestNG_Demo -->
