<?xml version="1.0" encoding="UTF-8"?>
<!-- Generated by org.testng.reporters.JUnitReportReporter -->
<testsuite hostname="WS-02636159" failures="0" tests="5" name="demo.TestNGGroupsDemo" time="0.029" errors="0" timestamp="2023-03-30T13:28:44 MSK" skipped="0">
  <testcase classname="demo.TestNGGroupsDemo" name="test3" time="0.004"/>
  <system-out/>
  <testcase classname="demo.TestNGGroupsDemo" name="test4" time="0.003"/>
  <system-out/>
  <testcase classname="demo.TestNGGroupsDemo" name="test1" time="0.017"/>
  <system-out/>
  <testcase classname="demo.TestNGGroupsDemo" name="test5" time="0.003"/>
  <system-out/>
  <testcase classname="demo.TestNGGroupsDemo" name="test2" time="0.002"/>
  <system-out/>
</testsuite> <!-- demo.TestNGGroupsDemo -->
